Running on /home/cloudpub/cloudpub/server-push/client
Listening on 9000
POST /comet
POST /comet
POST /comet
GET /comet?message=%5B%7B%22channel%22%3A%22%2F45367917%22%2C%22data%22%3A%22aa%22%2C%22clientId%22%3A%223a97c234220a4149b72731cf22325aa3%22%7D%5D&jsonp=__jsonp7__
GET /comet?message=%5B%7B%22channel%22%3A%22%2F45367917%22%2C%22data%22%3A%22aaa%22%2C%22clientId%22%3A%223a97c234220a4149b72731cf22325aa3%22%7D%5D&jsonp=__jsonp8__
GET /comet?message=%7B%22channel%22%3A%22%2Fmeta%2Fdisconnect%22%2C%22clientId%22%3A%223a97c234220a4149b72731cf22325aa3%22%2C%22id%22%3A%221ac6bc88ff06a59bc3a000f82ef86b6%22%7D&jsonp=__jsonp9__
GET /comet?message=%7B%22channel%22%3A%22%2Fmeta%2Fhandshake%22%2C%22version%22%3A%221.0%22%2C%22supportedConnectionTypes%22%3A%5B%22long-polling%22%2C%22callback-polling%22%5D%2C%22id%22%3A%22f4aafbb677480d40ef92a74f4258f6b%22%7D&jsonp=__jsonp1__
GET /comet?message=%7B%22channel%22%3A%22%2Fmeta%2Fsubscribe%22%2C%22clientId%22%3A%22e558c6c01bc6901845967882fa31df6f%22%2C%22subscription%22%3A%5B%22%2F56496059%22%5D%2C%22id%22%3A%22ad45e3fd31dd4d512a1a4bf0fd9fea02%22%7D&jsonp=__jsonp2__
GET /comet?message=%7B%22channel%22%3A%22%2Fmeta%2Fconnect%22%2C%22clientId%22%3A%22e558c6c01bc6901845967882fa31df6f%22%2C%22connectionType%22%3A%22callback-polling%22%2C%22id%22%3A%228f856cc62e7aaca5696e968333749918%22%7D&jsonp=__jsonp3__
GET /comet?message=%5B%7B%22channel%22%3A%22%2F56496059%22%2C%22data%22%3A%22test%22%2C%22clientId%22%3A%22e558c6c01bc6901845967882fa31df6f%22%7D%5D&jsonp=__jsonp4__
GET /comet?message=%7B%22channel%22%3A%22%2Fmeta%2Fconnect%22%2C%22clientId%22%3A%22e558c6c01bc6901845967882fa31df6f%22%2C%22connectionType%22%3A%22callback-polling%22%2C%22id%22%3A%22192c03ca7d07b008ea43b6165cf6bfe5%22%7D&jsonp=__jsonp5__
GET /comet?message=%7B%22channel%22%3A%22%2Fmeta%2Fconnect%22%2C%22clientId%22%3A%22e558c6c01bc6901845967882fa31df6f%22%2C%22connectionType%22%3A%22callback-polling%22%2C%22id%22%3A%22fa480b63dd5d008d1b109ff7182773dd%22%7D&jsonp=__jsonp6__
GET /comet?message=%5B%7B%22channel%22%3A%22%2F56496059%22%2C%22data%22%3A%22test%22%2C%22clientId%22%3A%22e558c6c01bc6901845967882fa31df6f%22%7D%5D&jsonp=__jsonp7__
GET /comet?message=%7B%22channel%22%3A%22%2Fmeta%2Fconnect%22%2C%22clientId%22%3A%22e558c6c01bc6901845967882fa31df6f%22%2C%22connectionType%22%3A%22callback-polling%22%2C%22id%22%3A%226fed429a1a193a657ade049aff6cd4ae%22%7D&jsonp=__jsonp8__
GET /comet?message=%7B%22channel%22%3A%22%2Fmeta%2Fconnect%22%2C%22clientId%22%3A%22e558c6c01bc6901845967882fa31df6f%22%2C%22connectionType%22%3A%22callback-polling%22%2C%22id%22%3A%2250ce94df2c77282b5fa10ccc8d409401%22%7D&jsonp=__jsonp9__
GET /comet?message=%5B%7B%22channel%22%3A%22%2F56496059%22%2C%22data%22%3A%22hello%22%2C%22clientId%22%3A%22e558c6c01bc6901845967882fa31df6f%22%7D%5D&jsonp=__jsonp10__
GET /comet?message=%7B%22channel%22%3A%22%2Fmeta%2Fconnect%22%2C%22clientId%22%3A%22e558c6c01bc6901845967882fa31df6f%22%2C%22connectionType%22%3A%22callback-polling%22%2C%22id%22%3A%22a029eb914e3ef331f57f2fc33129e72%22%7D&jsonp=__jsonp11__
GET /comet?message=%7B%22channel%22%3A%22%2Fmeta%2Fconnect%22%2C%22clientId%22%3A%22e558c6c01bc6901845967882fa31df6f%22%2C%22connectionType%22%3A%22callback-polling%22%2C%22id%22%3A%22ded0f3d2d2e55e0d11e3ac122ac0a1b%22%7D&jsonp=__jsonp12__
GET /comet?message=%5B%7B%22channel%22%3A%22%2F56496059%22%2C%22data%22%3A%22latency%20is%20too%20big%22%2C%22clientId%22%3A%22e558c6c01bc6901845967882fa31df6f%22%7D%5D&jsonp=__jsonp13__
GET /comet?message=%7B%22channel%22%3A%22%2Fmeta%2Fconnect%22%2C%22clientId%22%3A%22e558c6c01bc6901845967882fa31df6f%22%2C%22connectionType%22%3A%22callback-polling%22%2C%22id%22%3A%22673e5af3344661605eda641039fb2579%22%7D&jsonp=__jsonp14__
GET /comet?message=%7B%22channel%22%3A%22%2Fmeta%2Fconnect%22%2C%22clientId%22%3A%22e558c6c01bc6901845967882fa31df6f%22%2C%22connectionType%22%3A%22callback-polling%22%2C%22id%22%3A%224a99b935f7140fc4ac0825604b5465ab%22%7D&jsonp=__jsonp15__
GET /comet?message=%5B%7B%22channel%22%3A%22%2F56496059%22%2C%22data%22%3A%22aaaa%22%2C%22clientId%22%3A%22e558c6c01bc6901845967882fa31df6f%22%7D%5D&jsonp=__jsonp16__
GET /comet?message=%7B%22channel%22%3A%22%2Fmeta%2Fconnect%22%2C%22clientId%22%3A%22e558c6c01bc6901845967882fa31df6f%22%2C%22connectionType%22%3A%22callback-polling%22%2C%22id%22%3A%228a2c0e1f3c7c7f6b448d28f8ff856f8e%22%7D&jsonp=__jsonp17__
GET /comet?message=%7B%22channel%22%3A%22%2Fmeta%2Fconnect%22%2C%22clientId%22%3A%22e558c6c01bc6901845967882fa31df6f%22%2C%22connectionType%22%3A%22callback-polling%22%2C%22id%22%3A%22c91f687fd63f87eacd25baf0a3b14bf4%22%7D&jsonp=__jsonp18__
GET /comet?message=%7B%22channel%22%3A%22%2Fmeta%2Fdisconnect%22%2C%22clientId%22%3A%22e558c6c01bc6901845967882fa31df6f%22%2C%22id%22%3A%22d63f9c1812837f94f7746c8fe09e0038%22%7D&jsonp=__jsonp19__
GET /comet?message=%7B%22channel%22%3A%22%2Fmeta%2Fhandshake%22%2C%22version%22%3A%221.0%22%2C%22supportedConnectionTypes%22%3A%5B%22long-polling%22%2C%22callback-polling%22%5D%2C%22id%22%3A%2226b01125cd607c7d125b3108df178695%22%7D&jsonp=__jsonp1__
GET /comet?message=%7B%22channel%22%3A%22%2Fmeta%2Fsubscribe%22%2C%22clientId%22%3A%22df7da6b86c255352a93f7e8e17d86d09%22%2C%22subscription%22%3A%5B%22%2F29731693%22%5D%2C%22id%22%3A%2239b89428202fd5432e47f5ca75d5e26c%22%7D&jsonp=__jsonp2__
GET /comet?message=%7B%22channel%22%3A%22%2Fmeta%2Fconnect%22%2C%22clientId%22%3A%22df7da6b86c255352a93f7e8e17d86d09%22%2C%22connectionType%22%3A%22callback-polling%22%2C%22id%22%3A%22c7c67fa34085c083dbc427d900778f%22%7D&jsonp=__jsonp3__
GET /comet?message=%7B%22channel%22%3A%22%2Fmeta%2Fdisconnect%22%2C%22clientId%22%3A%22df7da6b86c255352a93f7e8e17d86d09%22%2C%22id%22%3A%22304badcdcef8551392b1d102fa3646da%22%7D&jsonp=__jsonp4__
GET /comet?message=%7B%22channel%22%3A%22%2Fmeta%2Fhandshake%22%2C%22version%22%3A%221.0%22%2C%22supportedConnectionTypes%22%3A%5B%22long-polling%22%2C%22callback-polling%22%5D%2C%22id%22%3A%22f7c431d6f52ab270684a5e42f6f7e91%22%7D&jsonp=__jsonp1__
GET /comet?message=%7B%22channel%22%3A%22%2Fmeta%2Fsubscribe%22%2C%22clientId%22%3A%22e5903e56381691dd79ec291743e0d3%22%2C%22subscription%22%3A%5B%22%2F9407471%22%5D%2C%22id%22%3A%2260df351bd57c056bd56b32eb1191086c%22%7D&jsonp=__jsonp2__
GET /comet?message=%7B%22channel%22%3A%22%2Fmeta%2Fconnect%22%2C%22clientId%22%3A%22e5903e56381691dd79ec291743e0d3%22%2C%22connectionType%22%3A%22callback-polling%22%2C%22id%22%3A%222303cd3e355ff3c3d6a6b1fa474a1f25%22%7D&jsonp=__jsonp3__
GET /comet?message=%7B%22channel%22%3A%22%2Fmeta%2Fdisconnect%22%2C%22clientId%22%3A%22e5903e56381691dd79ec291743e0d3%22%2C%22id%22%3A%225a50285752d8d372f05093e9ccfb596a%22%7D&jsonp=__jsonp4__
GET /comet?message=%7B%22channel%22%3A%22%2Fmeta%2Fhandshake%22%2C%22version%22%3A%221.0%22%2C%22supportedConnectionTypes%22%3A%5B%22long-polling%22%2C%22callback-polling%22%5D%2C%22id%22%3A%22cbd8b1af6d5774f02807a1f995eca295%22%7D&jsonp=__jsonp1__
GET /comet?message=%7B%22channel%22%3A%22%2Fmeta%2Fsubscribe%22%2C%22clientId%22%3A%22ec548fab84d611896116cbf87cf515db%22%2C%22subscription%22%3A%5B%22%2F25135190%22%5D%2C%22id%22%3A%222de29a51478e3ea8843bf749e44cd6c6%22%7D&jsonp=__jsonp2__
GET /comet?message=%7B%22channel%22%3A%22%2Fmeta%2Fconnect%22%2C%22clientId%22%3A%22ec548fab84d611896116cbf87cf515db%22%2C%22connectionType%22%3A%22callback-polling%22%2C%22id%22%3A%229aedfa567006e7bfd3287270fdebbeab%22%7D&jsonp=__jsonp3__
GET /comet?message=%7B%22channel%22%3A%22%2Fmeta%2Fconnect%22%2C%22clientId%22%3A%22ec548fab84d611896116cbf87cf515db%22%2C%22connectionType%22%3A%22callback-polling%22%2C%22id%22%3A%22939e2eded882fb55e16338379481e31%22%7D&jsonp=__jsonp4__
GET /comet?message=%7B%22channel%22%3A%22%2Fmeta%2Fconnect%22%2C%22clientId%22%3A%22ec548fab84d611896116cbf87cf515db%22%2C%22connectionType%22%3A%22callback-polling%22%2C%22id%22%3A%22aee70f69c74cfa2227bd35f6c8f2f7b%22%7D&jsonp=__jsonp5__
GET /comet?message=%7B%22channel%22%3A%22%2Fmeta%2Fdisconnect%22%2C%22clientId%22%3A%22ec548fab84d611896116cbf87cf515db%22%2C%22id%22%3A%22eab0ffab1999af735c19dafafefd1d4b%22%7D&jsonp=__jsonp6__
GET /comet?message=%7B%22channel%22%3A%22%2Fmeta%2Fhandshake%22%2C%22version%22%3A%221.0%22%2C%22supportedConnectionTypes%22%3A%5B%22long-polling%22%2C%22callback-polling%22%5D%2C%22id%22%3A%222338488c9551328b575d5e8893b06339%22%7D&jsonp=__jsonp1__
GET /comet?message=%7B%22channel%22%3A%22%2Fmeta%2Fsubscribe%22%2C%22clientId%22%3A%22431f99ba13fc17721839ab0faa70038%22%2C%22subscription%22%3A%5B%22%2F48530195%22%5D%2C%22id%22%3A%226ed8337426c90802a31018f7315c0f25%22%7D&jsonp=__jsonp2__
GET /comet?message=%7B%22channel%22%3A%22%2Fmeta%2Fconnect%22%2C%22clientId%22%3A%22431f99ba13fc17721839ab0faa70038%22%2C%22connectionType%22%3A%22callback-polling%22%2C%22id%22%3A%22c7a874e3685d72a843ba6858f7e1bc31%22%7D&jsonp=__jsonp3__
GET /comet?message=%7B%22channel%22%3A%22%2Fmeta%2Fdisconnect%22%2C%22clientId%22%3A%22431f99ba13fc17721839ab0faa70038%22%2C%22id%22%3A%22759c161c22cadf6d66339c956b92336e%22%7D&jsonp=__jsonp4__
